[0929/223610.516:ERROR:file_io_win.cc(162)] CreateFile C:\Users\Lenovo\AppData\Local\Temp\puppeteer_dev_chrome_profile-K5XGzp\Crashpad\settings.dat: The system cannot find the path specified. (0x3)
[0929/223610.544:ERROR:file_io_win.cc(171)] CreateFile C:\Users\Lenovo\AppData\Local\Temp\puppeteer_dev_chrome_profile-K5XGzp\Crashpad\reports\a329ae3b-4605-4a0d-91e6-354fbd55a030.dmp: The system cannot find the path specified. (0x3)
[0929/223610.544:ERROR:crash_report_exception_handler.cc(97)] PrepareNewCrashReport failed
[0929/224254.183:ERROR:process_reader_win.cc(151)] SuspendThread: Access is denied. (0x5)
[0929/224254.190:ERROR:file_io_win.cc(162)] CreateFile C:\Users\Lenovo\AppData\Local\Temp\puppeteer_dev_chrome_profile-A2uRAh\Crashpad\settings.dat: The system cannot find the path specified. (0x3)
[0929/224254.201:ERROR:file_io_win.cc(171)] CreateFile C:\Users\Lenovo\AppData\Local\Temp\puppeteer_dev_chrome_profile-A2uRAh\Crashpad\reports\e9219c9e-2b4c-4b11-880b-2e8690e9b3da.dmp: The system cannot find the path specified. (0x3)
[0929/224254.201:ERROR:crash_report_exception_handler.cc(97)] PrepareNewCrashReport failed
[0929/224430.393:ERROR:process_reader_win.cc(151)] SuspendThread: Access is denied. (0x5)
[0929/224430.454:ERROR:file_io_win.cc(162)] CreateFile C:\Users\Lenovo\AppData\Local\Temp\puppeteer_dev_chrome_profile-1tcKqg\Crashpad\settings.dat: The system cannot find the path specified. (0x3)
[0929/224430.454:ERROR:file_io_win.cc(171)] CreateFile C:\Users\Lenovo\AppData\Local\Temp\puppeteer_dev_chrome_profile-1tcKqg\Crashpad\reports\30caf05f-338d-4db1-80ff-eb7e98e343ff.dmp: The system cannot find the path specified. (0x3)
[0929/224430.454:ERROR:crash_report_exception_handler.cc(97)] PrepareNewCrashReport failed
[0929/224744.874:ERROR:process_reader_win.cc(151)] SuspendThread: Access is denied. (0x5)
[0929/224744.892:ERROR:file_io_win.cc(162)] CreateFile C:\Users\Lenovo\AppData\Local\Temp\puppeteer_dev_chrome_profile-2iMYbv\Crashpad\settings.dat: The system cannot find the path specified. (0x3)
[0929/224744.893:ERROR:file_io_win.cc(171)] CreateFile C:\Users\Lenovo\AppData\Local\Temp\puppeteer_dev_chrome_profile-2iMYbv\Crashpad\reports\0cc6a4de-7d90-439b-8d60-aaa7676c6082.dmp: The system cannot find the path specified. (0x3)
[0929/224744.893:ERROR:crash_report_exception_handler.cc(97)] PrepareNewCrashReport failed
[0929/225111.965:ERROR:process_reader_win.cc(151)] SuspendThread: Access is denied. (0x5)
[0929/225111.997:ERROR:file_io_win.cc(162)] CreateFile C:\Users\Lenovo\AppData\Local\Temp\puppeteer_dev_chrome_profile-GJas7W\Crashpad\settings.dat: The system cannot find the path specified. (0x3)
[0929/225111.998:ERROR:file_io_win.cc(171)] CreateFile C:\Users\Lenovo\AppData\Local\Temp\puppeteer_dev_chrome_profile-GJas7W\Crashpad\reports\ba778b56-988e-4a6f-8155-e9ecabf7709f.dmp: The system cannot find the path specified. (0x3)
[0929/225111.998:ERROR:crash_report_exception_handler.cc(97)] PrepareNewCrashReport failed
[0929/230524.121:ERROR:process_reader_win.cc(151)] SuspendThread: Access is denied. (0x5)
[0929/230524.131:ERROR:file_io_win.cc(162)] CreateFile C:\Users\Lenovo\AppData\Local\Temp\puppeteer_dev_chrome_profile-9S5DJ2\Crashpad\settings.dat: The system cannot find the path specified. (0x3)
[0929/230524.131:ERROR:file_io_win.cc(171)] CreateFile C:\Users\Lenovo\AppData\Local\Temp\puppeteer_dev_chrome_profile-9S5DJ2\Crashpad\reports\24376583-f880-4826-aa5d-8b09bfc71e14.dmp: The system cannot find the path specified. (0x3)
[0929/230524.131:ERROR:crash_report_exception_handler.cc(97)] PrepareNewCrashReport failed
[0929/231157.359:ERROR:process_reader_win.cc(151)] SuspendThread: Access is denied. (0x5)
[0929/231157.368:ERROR:file_io_win.cc(162)] CreateFile C:\Users\Lenovo\AppData\Local\Temp\puppeteer_dev_chrome_profile-pU5QQ2\Crashpad\settings.dat: The system cannot find the path specified. (0x3)
[0929/231157.368:ERROR:file_io_win.cc(171)] CreateFile C:\Users\Lenovo\AppData\Local\Temp\puppeteer_dev_chrome_profile-pU5QQ2\Crashpad\reports\88e3e899-8a3d-4f1c-b14c-0e910dfdff44.dmp: The system cannot find the path specified. (0x3)
[0929/231157.369:ERROR:crash_report_exception_handler.cc(97)] PrepareNewCrashReport failed
[0929/232045.048:ERROR:process_reader_win.cc(151)] SuspendThread: Access is denied. (0x5)
[0929/232045.049:ERROR:exception_snapshot_win.cc(99)] thread ID 9588 not found in process
[0929/233040.271:ERROR:process_reader_win.cc(151)] SuspendThread: Access is denied. (0x5)
[0929/233040.326:ERROR:file_io_win.cc(162)] CreateFile C:\Users\Lenovo\AppData\Local\Temp\puppeteer_dev_chrome_profile-s54chw\Crashpad\settings.dat: The system cannot find the path specified. (0x3)
[0929/233040.326:ERROR:file_io_win.cc(171)] CreateFile C:\Users\Lenovo\AppData\Local\Temp\puppeteer_dev_chrome_profile-s54chw\Crashpad\reports\927e22c9-8309-4281-a2e2-5b8ce8d58aaa.dmp: The system cannot find the path specified. (0x3)
[0929/233040.326:ERROR:crash_report_exception_handler.cc(97)] PrepareNewCrashReport failed
[0929/233617.580:ERROR:process_reader_win.cc(151)] SuspendThread: Access is denied. (0x5)
[0929/233617.642:ERROR:file_io_win.cc(162)] CreateFile C:\Users\Lenovo\AppData\Local\Temp\puppeteer_dev_chrome_profile-rQhFlb\Crashpad\settings.dat: The system cannot find the path specified. (0x3)
[0929/233617.642:ERROR:file_io_win.cc(171)] CreateFile C:\Users\Lenovo\AppData\Local\Temp\puppeteer_dev_chrome_profile-rQhFlb\Crashpad\reports\0756b863-d9c7-46c3-9b7c-87e727093c76.dmp: The system cannot find the path specified. (0x3)
[0929/233617.642:ERROR:crash_report_exception_handler.cc(97)] PrepareNewCrashReport failed
[0929/233829.657:ERROR:process_reader_win.cc(151)] SuspendThread: Access is denied. (0x5)
[0929/233829.715:ERROR:file_io_win.cc(162)] CreateFile C:\Users\Lenovo\AppData\Local\Temp\puppeteer_dev_chrome_profile-iguiUh\Crashpad\settings.dat: The system cannot find the path specified. (0x3)
[0929/233829.718:ERROR:file_io_win.cc(171)] CreateFile C:\Users\Lenovo\AppData\Local\Temp\puppeteer_dev_chrome_profile-iguiUh\Crashpad\reports\02c91fb7-4a84-4ce2-bd05-baa3c3e57676.dmp: The system cannot find the path specified. (0x3)
[0929/233829.718:ERROR:crash_report_exception_handler.cc(97)] PrepareNewCrashReport failed
[0929/234211.392:ERROR:process_reader_win.cc(151)] SuspendThread: Access is denied. (0x5)
[0929/234211.444:ERROR:file_io_win.cc(162)] CreateFile C:\Users\Lenovo\AppData\Local\Temp\puppeteer_dev_chrome_profile-sYlMAZ\Crashpad\settings.dat: The system cannot find the path specified. (0x3)
[0929/234211.444:ERROR:file_io_win.cc(171)] CreateFile C:\Users\Lenovo\AppData\Local\Temp\puppeteer_dev_chrome_profile-sYlMAZ\Crashpad\reports\0828f907-605e-406b-8f3a-7860a89462f8.dmp: The system cannot find the path specified. (0x3)
[0929/234211.444:ERROR:crash_report_exception_handler.cc(97)] PrepareNewCrashReport failed
[0929/234303.524:ERROR:process_reader_win.cc(151)] SuspendThread: Access is denied. (0x5)
[0929/234303.531:ERROR:file_io_win.cc(162)] CreateFile C:\Users\Lenovo\AppData\Local\Temp\puppeteer_dev_chrome_profile-Dcy989\Crashpad\settings.dat: The system cannot find the path specified. (0x3)
[0929/234303.532:ERROR:file_io_win.cc(171)] CreateFile C:\Users\Lenovo\AppData\Local\Temp\puppeteer_dev_chrome_profile-Dcy989\Crashpad\reports\ec18161b-f67d-445a-a944-04ba99f01bdf.dmp: The system cannot find the path specified. (0x3)
[0929/234303.532:ERROR:crash_report_exception_handler.cc(97)] PrepareNewCrashReport failed
[0929/234437.105:ERROR:process_reader_win.cc(151)] SuspendThread: Access is denied. (0x5)
[0929/234437.112:ERROR:file_io_win.cc(162)] CreateFile C:\Users\Lenovo\AppData\Local\Temp\puppeteer_dev_chrome_profile-9mJlmg\Crashpad\settings.dat: The system cannot find the path specified. (0x3)
[0929/234437.113:ERROR:file_io_win.cc(171)] CreateFile C:\Users\Lenovo\AppData\Local\Temp\puppeteer_dev_chrome_profile-9mJlmg\Crashpad\reports\c3113784-a897-45e9-9a19-cf866d6bc235.dmp: The system cannot find the path specified. (0x3)
[0929/234437.113:ERROR:crash_report_exception_handler.cc(97)] PrepareNewCrashReport failed
[0929/234712.799:ERROR:process_reader_win.cc(151)] SuspendThread: Access is denied. (0x5)
[0929/234712.806:ERROR:file_io_win.cc(162)] CreateFile C:\Users\Lenovo\AppData\Local\Temp\puppeteer_dev_chrome_profile-h3OBPQ\Crashpad\settings.dat: The system cannot find the path specified. (0x3)
[0929/234712.806:ERROR:file_io_win.cc(171)] CreateFile C:\Users\Lenovo\AppData\Local\Temp\puppeteer_dev_chrome_profile-h3OBPQ\Crashpad\reports\0ab2586c-342b-436a-b556-7eccc7043dc0.dmp: The system cannot find the path specified. (0x3)
[0929/234712.807:ERROR:crash_report_exception_handler.cc(97)] PrepareNewCrashReport failed
[0929/235037.701:ERROR:process_reader_win.cc(151)] SuspendThread: Access is denied. (0x5)
[0929/235206.270:ERROR:process_reader_win.cc(151)] SuspendThread: Access is denied. (0x5)
[0929/235206.290:ERROR:file_io_win.cc(162)] CreateFile C:\Users\Lenovo\AppData\Local\Temp\puppeteer_dev_chrome_profile-AphIJc\Crashpad\settings.dat: The system cannot find the path specified. (0x3)
[0929/235206.291:ERROR:file_io_win.cc(171)] CreateFile C:\Users\Lenovo\AppData\Local\Temp\puppeteer_dev_chrome_profile-AphIJc\Crashpad\reports\693ff090-b6b3-49a5-bf0a-ece93ed0d645.dmp: The system cannot find the path specified. (0x3)
[0929/235206.291:ERROR:crash_report_exception_handler.cc(97)] PrepareNewCrashReport failed
[0930/082543.871:ERROR:file_io_win.cc(162)] CreateFile C:\Users\Lenovo\AppData\Local\Temp\puppeteer_dev_chrome_profile-EHoctw\Crashpad\settings.dat: The system cannot find the path specified. (0x3)
[0930/082543.903:ERROR:file_io_win.cc(171)] CreateFile C:\Users\Lenovo\AppData\Local\Temp\puppeteer_dev_chrome_profile-EHoctw\Crashpad\reports\1dcb1af8-d4d9-43b8-b4a3-7f94b3301d1b.dmp: The system cannot find the path specified. (0x3)
[0930/082543.903:ERROR:crash_report_exception_handler.cc(97)] PrepareNewCrashReport failed
[0930/090145.796:ERROR:process_reader_win.cc(151)] SuspendThread: Access is denied. (0x5)
[0930/090145.808:ERROR:file_io_win.cc(162)] CreateFile C:\Users\Lenovo\AppData\Local\Temp\puppeteer_dev_chrome_profile-qRg5EO\Crashpad\settings.dat: The system cannot find the path specified. (0x3)
[0930/090145.808:ERROR:file_io_win.cc(171)] CreateFile C:\Users\Lenovo\AppData\Local\Temp\puppeteer_dev_chrome_profile-qRg5EO\Crashpad\reports\d36f3f40-3bfa-4aaf-97e2-db95acdcdc50.dmp: The system cannot find the path specified. (0x3)
[0930/090145.808:ERROR:crash_report_exception_handler.cc(97)] PrepareNewCrashReport failed
[0930/093007.708:ERROR:file_io_win.cc(162)] CreateFile C:\Users\Lenovo\AppData\Local\Temp\puppeteer_dev_chrome_profile-VYg6Xi\Crashpad\settings.dat: The system cannot find the path specified. (0x3)
[0930/093007.717:ERROR:file_io_win.cc(171)] CreateFile C:\Users\Lenovo\AppData\Local\Temp\puppeteer_dev_chrome_profile-VYg6Xi\Crashpad\reports\29341ae3-91b7-4f3a-8158-af3ad81d6724.dmp: The system cannot find the path specified. (0x3)
[0930/093007.717:ERROR:crash_report_exception_handler.cc(97)] PrepareNewCrashReport failed
[0930/111400.172:ERROR:file_io_win.cc(162)] CreateFile C:\Users\Lenovo\AppData\Local\Temp\puppeteer_dev_chrome_profile-PVyG9o\Crashpad\settings.dat: The system cannot find the path specified. (0x3)
[0930/111400.190:ERROR:file_io_win.cc(171)] CreateFile C:\Users\Lenovo\AppData\Local\Temp\puppeteer_dev_chrome_profile-PVyG9o\Crashpad\reports\de164b82-ec08-41aa-952b-5cdb54b12705.dmp: The system cannot find the path specified. (0x3)
[0930/111400.190:ERROR:crash_report_exception_handler.cc(97)] PrepareNewCrashReport failed
[0930/113533.036:ERROR:file_io_win.cc(162)] CreateFile C:\Users\Lenovo\AppData\Local\Temp\puppeteer_dev_chrome_profile-hAZ0tX\Crashpad\settings.dat: The system cannot find the path specified. (0x3)
[0930/113533.099:ERROR:file_io_win.cc(171)] CreateFile C:\Users\Lenovo\AppData\Local\Temp\puppeteer_dev_chrome_profile-hAZ0tX\Crashpad\reports\a66f5010-9fde-412f-8d45-49bd5dc40c83.dmp: The system cannot find the path specified. (0x3)
[0930/113533.099:ERROR:crash_report_exception_handler.cc(97)] PrepareNewCrashReport failed
[0930/184005.404:ERROR:file_io_win.cc(162)] CreateFile C:\Users\Lenovo\AppData\Local\Temp\puppeteer_dev_chrome_profile-SISJ5V\Crashpad\settings.dat: The system cannot find the path specified. (0x3)
[0930/184005.418:ERROR:file_io_win.cc(171)] CreateFile C:\Users\Lenovo\AppData\Local\Temp\puppeteer_dev_chrome_profile-SISJ5V\Crashpad\reports\1b4c3b6c-5f62-4954-8913-915f6920197a.dmp: The system cannot find the path specified. (0x3)
[0930/184005.419:ERROR:crash_report_exception_handler.cc(97)] PrepareNewCrashReport failed
[0930/184320.176:ERROR:process_reader_win.cc(151)] SuspendThread: Access is denied. (0x5)
[0930/184320.187:ERROR:file_io_win.cc(162)] CreateFile C:\Users\Lenovo\AppData\Local\Temp\puppeteer_dev_chrome_profile-m0bwvc\Crashpad\settings.dat: The system cannot find the path specified. (0x3)
[0930/184320.188:ERROR:file_io_win.cc(171)] CreateFile C:\Users\Lenovo\AppData\Local\Temp\puppeteer_dev_chrome_profile-m0bwvc\Crashpad\reports\f9671fcd-641a-4997-a1da-eab3d0a59254.dmp: The system cannot find the path specified. (0x3)
[0930/184320.188:ERROR:crash_report_exception_handler.cc(97)] PrepareNewCrashReport failed
[0930/195704.797:ERROR:file_io_win.cc(162)] CreateFile C:\Users\Lenovo\AppData\Local\Temp\puppeteer_dev_chrome_profile-qW4RLw\Crashpad\settings.dat: The system cannot find the path specified. (0x3)
[0930/195704.831:ERROR:file_io_win.cc(171)] CreateFile C:\Users\Lenovo\AppData\Local\Temp\puppeteer_dev_chrome_profile-qW4RLw\Crashpad\reports\9fc3e3f1-faa9-41a3-9324-0681b88454e4.dmp: The system cannot find the path specified. (0x3)
[0930/195704.832:ERROR:crash_report_exception_handler.cc(97)] PrepareNewCrashReport failed
[0930/195948.666:ERROR:process_reader_win.cc(151)] SuspendThread: Access is denied. (0x5)
[0930/195948.676:ERROR:file_io_win.cc(162)] CreateFile C:\Users\Lenovo\AppData\Local\Temp\puppeteer_dev_chrome_profile-zPRtOY\Crashpad\settings.dat: The system cannot find the path specified. (0x3)
[0930/195948.677:ERROR:file_io_win.cc(171)] CreateFile C:\Users\Lenovo\AppData\Local\Temp\puppeteer_dev_chrome_profile-zPRtOY\Crashpad\reports\6faf8dae-08f4-418e-90aa-9ac9d0343c34.dmp: The system cannot find the path specified. (0x3)
[0930/195948.677:ERROR:crash_report_exception_handler.cc(97)] PrepareNewCrashReport failed
[0930/200046.166:ERROR:process_reader_win.cc(151)] SuspendThread: Access is denied. (0x5)
[0930/200046.176:ERROR:file_io_win.cc(162)] CreateFile C:\Users\Lenovo\AppData\Local\Temp\puppeteer_dev_chrome_profile-Tk3zUA\Crashpad\settings.dat: The system cannot find the path specified. (0x3)
[0930/200046.176:ERROR:file_io_win.cc(171)] CreateFile C:\Users\Lenovo\AppData\Local\Temp\puppeteer_dev_chrome_profile-Tk3zUA\Crashpad\reports\fff24620-506f-4225-bcbe-6a76feb3ca78.dmp: The system cannot find the path specified. (0x3)
[0930/200046.177:ERROR:crash_report_exception_handler.cc(97)] PrepareNewCrashReport failed
[0930/213945.782:ERROR:file_io_win.cc(162)] CreateFile C:\Users\Lenovo\AppData\Local\Temp\puppeteer_dev_chrome_profile-mMZmEg\Crashpad\settings.dat: The system cannot find the path specified. (0x3)
[0930/213945.795:ERROR:file_io_win.cc(171)] CreateFile C:\Users\Lenovo\AppData\Local\Temp\puppeteer_dev_chrome_profile-mMZmEg\Crashpad\reports\ce7be5fd-cfca-455e-b569-3200defe4d19.dmp: The system cannot find the path specified. (0x3)
[0930/213945.795:ERROR:crash_report_exception_handler.cc(97)] PrepareNewCrashReport failed
[0930/222534.759:ERROR:file_io_win.cc(162)] CreateFile C:\Users\Lenovo\AppData\Local\Temp\puppeteer_dev_chrome_profile-XgCxzW\Crashpad\settings.dat: The system cannot find the path specified. (0x3)
[0930/222534.786:ERROR:file_io_win.cc(171)] CreateFile C:\Users\Lenovo\AppData\Local\Temp\puppeteer_dev_chrome_profile-XgCxzW\Crashpad\reports\04d690c9-61d0-401b-9220-7b606f4aba58.dmp: The system cannot find the path specified. (0x3)
[0930/222534.786:ERROR:crash_report_exception_handler.cc(97)] PrepareNewCrashReport failed
[0930/223828.529:ERROR:process_reader_win.cc(151)] SuspendThread: Access is denied. (0x5)
[0930/223828.542:ERROR:file_io_win.cc(162)] CreateFile C:\Users\Lenovo\AppData\Local\Temp\puppeteer_dev_chrome_profile-f24pAP\Crashpad\settings.dat: The system cannot find the path specified. (0x3)
[0930/223828.543:ERROR:file_io_win.cc(171)] CreateFile C:\Users\Lenovo\AppData\Local\Temp\puppeteer_dev_chrome_profile-f24pAP\Crashpad\reports\3d1f1c6e-d805-4afb-bb31-f9a0be53e84b.dmp: The system cannot find the path specified. (0x3)
[0930/223828.544:ERROR:crash_report_exception_handler.cc(97)] PrepareNewCrashReport failed
[0930/232740.871:ERROR:process_reader_win.cc(151)] SuspendThread: Access is denied. (0x5)
[0930/232741.125:ERROR:file_io_win.cc(162)] CreateFile C:\Users\Lenovo\AppData\Local\Temp\puppeteer_dev_chrome_profile-qTte55\Crashpad\settings.dat: The system cannot find the path specified. (0x3)
[0930/232741.126:ERROR:file_io_win.cc(171)] CreateFile C:\Users\Lenovo\AppData\Local\Temp\puppeteer_dev_chrome_profile-qTte55\Crashpad\reports\b52be7b7-2163-49a9-97eb-6f2f50e645aa.dmp: The system cannot find the path specified. (0x3)
[0930/232741.126:ERROR:crash_report_exception_handler.cc(97)] PrepareNewCrashReport failed
[1001/110201.551:ERROR:file_io_win.cc(162)] CreateFile C:\Users\Lenovo\AppData\Local\Temp\puppeteer_dev_chrome_profile-eYXBYf\Crashpad\settings.dat: The system cannot find the path specified. (0x3)
[1001/110201.582:ERROR:file_io_win.cc(171)] CreateFile C:\Users\Lenovo\AppData\Local\Temp\puppeteer_dev_chrome_profile-eYXBYf\Crashpad\reports\ae2fdb30-b6c6-44f0-8165-cf08bb3efc26.dmp: The system cannot find the path specified. (0x3)
[1001/110201.582:ERROR:crash_report_exception_handler.cc(97)] PrepareNewCrashReport failed
[1001/210622.915:ERROR:file_io_win.cc(162)] CreateFile C:\Users\Lenovo\AppData\Local\Temp\puppeteer_dev_chrome_profile-ZzdxUG\Crashpad\settings.dat: The system cannot find the path specified. (0x3)
[1001/210622.931:ERROR:file_io_win.cc(171)] CreateFile C:\Users\Lenovo\AppData\Local\Temp\puppeteer_dev_chrome_profile-ZzdxUG\Crashpad\reports\0acab288-d0ff-4590-b292-f2307945018a.dmp: The system cannot find the path specified. (0x3)
[1001/210622.931:ERROR:crash_report_exception_handler.cc(97)] PrepareNewCrashReport failed
[1001/235825.969:ERROR:process_reader_win.cc(151)] SuspendThread: Access is denied. (0x5)
[1001/235826.129:ERROR:file_io_win.cc(162)] CreateFile C:\Users\Lenovo\AppData\Local\Temp\puppeteer_dev_chrome_profile-yZssva\Crashpad\settings.dat: The system cannot find the path specified. (0x3)
[1001/235826.129:ERROR:file_io_win.cc(171)] CreateFile C:\Users\Lenovo\AppData\Local\Temp\puppeteer_dev_chrome_profile-yZssva\Crashpad\reports\05c2f13a-2163-4431-8eaf-fc66209b0eec.dmp: The system cannot find the path specified. (0x3)
[1001/235826.129:ERROR:crash_report_exception_handler.cc(97)] PrepareNewCrashReport failed
[1002/071720.611:ERROR:process_reader_win.cc(151)] SuspendThread: Access is denied. (0x5)
[1002/071720.757:ERROR:file_io_win.cc(162)] CreateFile C:\Users\Lenovo\AppData\Local\Temp\puppeteer_dev_chrome_profile-zYwSxq\Crashpad\settings.dat: The system cannot find the path specified. (0x3)
[1002/071720.757:ERROR:file_io_win.cc(171)] CreateFile C:\Users\Lenovo\AppData\Local\Temp\puppeteer_dev_chrome_profile-zYwSxq\Crashpad\reports\7176cec6-efd4-4328-a175-26d4c5f9f0f4.dmp: The system cannot find the path specified. (0x3)
[1002/071720.757:ERROR:crash_report_exception_handler.cc(97)] PrepareNewCrashReport failed
[1002/072343.797:ERROR:process_reader_win.cc(151)] SuspendThread: Access is denied. (0x5)
[1002/072343.953:ERROR:file_io_win.cc(162)] CreateFile C:\Users\Lenovo\AppData\Local\Temp\puppeteer_dev_chrome_profile-QdbkH6\Crashpad\settings.dat: The system cannot find the path specified. (0x3)
[1002/072343.954:ERROR:file_io_win.cc(171)] CreateFile C:\Users\Lenovo\AppData\Local\Temp\puppeteer_dev_chrome_profile-QdbkH6\Crashpad\reports\61f7866d-81d7-45d2-be14-94c72bf06d31.dmp: The system cannot find the path specified. (0x3)
[1002/072343.954:ERROR:crash_report_exception_handler.cc(97)] PrepareNewCrashReport failed
[1002/072602.549:ERROR:process_reader_win.cc(151)] SuspendThread: Access is denied. (0x5)
[1002/072602.559:ERROR:file_io_win.cc(162)] CreateFile C:\Users\Lenovo\AppData\Local\Temp\puppeteer_dev_chrome_profile-uhyPh8\Crashpad\settings.dat: The system cannot find the path specified. (0x3)
[1002/072602.560:ERROR:file_io_win.cc(171)] CreateFile C:\Users\Lenovo\AppData\Local\Temp\puppeteer_dev_chrome_profile-uhyPh8\Crashpad\reports\49f849a4-0c1c-4904-a791-a2c97ad970a6.dmp: The system cannot find the path specified. (0x3)
[1002/072602.560:ERROR:crash_report_exception_handler.cc(97)] PrepareNewCrashReport failed
[1002/074222.620:ERROR:process_reader_win.cc(151)] SuspendThread: Access is denied. (0x5)
[1002/074222.631:ERROR:file_io_win.cc(162)] CreateFile C:\Users\Lenovo\AppData\Local\Temp\puppeteer_dev_chrome_profile-ReSovx\Crashpad\settings.dat: The system cannot find the path specified. (0x3)
[1002/074222.632:ERROR:file_io_win.cc(171)] CreateFile C:\Users\Lenovo\AppData\Local\Temp\puppeteer_dev_chrome_profile-ReSovx\Crashpad\reports\32a0bfa4-5640-4de5-b67f-f6d63cc40086.dmp: The system cannot find the path specified. (0x3)
[1002/074222.632:ERROR:crash_report_exception_handler.cc(97)] PrepareNewCrashReport failed
[1002/080716.606:ERROR:file_io_win.cc(162)] CreateFile C:\Users\Lenovo\AppData\Local\Temp\puppeteer_dev_chrome_profile-lSdHeK\Crashpad\settings.dat: The system cannot find the path specified. (0x3)
[1002/080716.606:ERROR:file_io_win.cc(171)] CreateFile C:\Users\Lenovo\AppData\Local\Temp\puppeteer_dev_chrome_profile-lSdHeK\Crashpad\reports\5e48bbf3-1227-4a3a-b456-a29ee9e7230b.dmp: The system cannot find the path specified. (0x3)
[1002/080716.606:ERROR:crash_report_exception_handler.cc(97)] PrepareNewCrashReport failed
[1003/063515.709:ERROR:file_io_win.cc(162)] CreateFile C:\Users\Lenovo\AppData\Local\Temp\puppeteer_dev_chrome_profile-v14lFY\Crashpad\settings.dat: The system cannot find the path specified. (0x3)
[1003/063515.739:ERROR:file_io_win.cc(171)] CreateFile C:\Users\Lenovo\AppData\Local\Temp\puppeteer_dev_chrome_profile-v14lFY\Crashpad\reports\7047ca4b-16ab-4b6a-a3ed-f9a6c45eef0a.dmp: The system cannot find the path specified. (0x3)
[1003/063515.739:ERROR:crash_report_exception_handler.cc(97)] PrepareNewCrashReport failed
[1003/065500.499:ERROR:process_reader_win.cc(151)] SuspendThread: Access is denied. (0x5)
[1003/065500.511:ERROR:file_io_win.cc(162)] CreateFile C:\Users\Lenovo\AppData\Local\Temp\puppeteer_dev_chrome_profile-YjCMTo\Crashpad\settings.dat: The system cannot find the path specified. (0x3)
[1003/065500.511:ERROR:file_io_win.cc(171)] CreateFile C:\Users\Lenovo\AppData\Local\Temp\puppeteer_dev_chrome_profile-YjCMTo\Crashpad\reports\af7216a6-d6a7-4595-bddf-cccfed83a9bd.dmp: The system cannot find the path specified. (0x3)
[1003/065500.511:ERROR:crash_report_exception_handler.cc(97)] PrepareNewCrashReport failed
[1003/070505.666:ERROR:process_reader_win.cc(151)] SuspendThread: Access is denied. (0x5)
[1003/070505.713:ERROR:file_io_win.cc(162)] CreateFile C:\Users\Lenovo\AppData\Local\Temp\puppeteer_dev_chrome_profile-9EGBLr\Crashpad\settings.dat: The system cannot find the path specified. (0x3)
[1003/070505.713:ERROR:file_io_win.cc(171)] CreateFile C:\Users\Lenovo\AppData\Local\Temp\puppeteer_dev_chrome_profile-9EGBLr\Crashpad\reports\dbb50e71-09e8-445d-b9f6-f9415111ba79.dmp: The system cannot find the path specified. (0x3)
[1003/070505.713:ERROR:crash_report_exception_handler.cc(97)] PrepareNewCrashReport failed
[1003/081005.427:ERROR:process_reader_win.cc(151)] SuspendThread: Access is denied. (0x5)
[1003/081005.427:ERROR:process_reader_win.cc(151)] SuspendThread: Access is denied. (0x5)
[1003/081005.427:ERROR:process_reader_win.cc(151)] SuspendThread: Access is denied. (0x5)
[1003/081005.427:ERROR:process_reader_win.cc(151)] SuspendThread: Access is denied. (0x5)
[1003/081005.427:ERROR:process_reader_win.cc(151)] SuspendThread: Access is denied. (0x5)
[1003/081005.427:ERROR:process_reader_win.cc(151)] SuspendThread: Access is denied. (0x5)
[1003/081005.427:ERROR:process_reader_win.cc(151)] SuspendThread: Access is denied. (0x5)
[1003/081005.435:ERROR:file_io_win.cc(162)] CreateFile C:\Users\Lenovo\AppData\Local\Temp\puppeteer_dev_chrome_profile-1cYF2V\Crashpad\settings.dat: The system cannot find the path specified. (0x3)
[1003/081005.435:ERROR:file_io_win.cc(171)] CreateFile C:\Users\Lenovo\AppData\Local\Temp\puppeteer_dev_chrome_profile-1cYF2V\Crashpad\reports\f2815d30-1493-47ec-a522-3e705c470295.dmp: The system cannot find the path specified. (0x3)
[1003/081005.435:ERROR:crash_report_exception_handler.cc(97)] PrepareNewCrashReport failed
[1003/104832.648:ERROR:file_io_win.cc(162)] CreateFile C:\Users\Lenovo\AppData\Local\Temp\puppeteer_dev_chrome_profile-VOOaB5\Crashpad\settings.dat: The system cannot find the path specified. (0x3)
[1003/104832.688:ERROR:file_io_win.cc(171)] CreateFile C:\Users\Lenovo\AppData\Local\Temp\puppeteer_dev_chrome_profile-VOOaB5\Crashpad\reports\ee00bc11-0e2b-4f22-98a4-02032bac72d5.dmp: The system cannot find the path specified. (0x3)
[1003/104832.688:ERROR:crash_report_exception_handler.cc(97)] PrepareNewCrashReport failed
[1003/105319.999:ERROR:process_reader_win.cc(151)] SuspendThread: Access is denied. (0x5)
[1003/105320.011:ERROR:file_io_win.cc(162)] CreateFile C:\Users\Lenovo\AppData\Local\Temp\puppeteer_dev_chrome_profile-dcAGJ2\Crashpad\settings.dat: The system cannot find the path specified. (0x3)
[1003/105320.015:ERROR:file_io_win.cc(171)] CreateFile C:\Users\Lenovo\AppData\Local\Temp\puppeteer_dev_chrome_profile-dcAGJ2\Crashpad\reports\49b65f6d-90e3-4e4d-9693-73a7035cc93f.dmp: The system cannot find the path specified. (0x3)
[1003/105320.015:ERROR:crash_report_exception_handler.cc(97)] PrepareNewCrashReport failed
[1003/105808.021:ERROR:process_reader_win.cc(151)] SuspendThread: Access is denied. (0x5)
[1003/105808.053:ERROR:file_io_win.cc(162)] CreateFile C:\Users\Lenovo\AppData\Local\Temp\puppeteer_dev_chrome_profile-lol3AE\Crashpad\settings.dat: The system cannot find the path specified. (0x3)
[1003/105808.053:ERROR:file_io_win.cc(171)] CreateFile C:\Users\Lenovo\AppData\Local\Temp\puppeteer_dev_chrome_profile-lol3AE\Crashpad\reports\a3e86564-eed4-4eb4-8b1d-1aeae9e8baf4.dmp: The system cannot find the path specified. (0x3)
[1003/105808.053:ERROR:crash_report_exception_handler.cc(97)] PrepareNewCrashReport failed
[1003/110045.122:ERROR:process_reader_win.cc(151)] SuspendThread: Access is denied. (0x5)
[1003/110045.162:ERROR:file_io_win.cc(162)] CreateFile C:\Users\Lenovo\AppData\Local\Temp\puppeteer_dev_chrome_profile-AwPpYJ\Crashpad\settings.dat: The system cannot find the path specified. (0x3)
[1003/110045.166:ERROR:file_io_win.cc(171)] CreateFile C:\Users\Lenovo\AppData\Local\Temp\puppeteer_dev_chrome_profile-AwPpYJ\Crashpad\reports\39bd7fab-82db-471e-b3df-b25d84a72bff.dmp: The system cannot find the path specified. (0x3)
[1003/110045.166:ERROR:crash_report_exception_handler.cc(97)] PrepareNewCrashReport failed
[1003/110325.345:ERROR:process_reader_win.cc(151)] SuspendThread: Access is denied. (0x5)
[1003/110325.353:ERROR:file_io_win.cc(162)] CreateFile C:\Users\Lenovo\AppData\Local\Temp\puppeteer_dev_chrome_profile-iz1s1m\Crashpad\settings.dat: The system cannot find the path specified. (0x3)
[1003/110325.353:ERROR:file_io_win.cc(171)] CreateFile C:\Users\Lenovo\AppData\Local\Temp\puppeteer_dev_chrome_profile-iz1s1m\Crashpad\reports\4f84ab02-8c5a-401c-97b7-9a5dcd5eea19.dmp: The system cannot find the path specified. (0x3)
[1003/110325.353:ERROR:crash_report_exception_handler.cc(97)] PrepareNewCrashReport failed
